mode: atomic
github.com/weibocom/motan-go/default.go:30.46,32.2 1 0
github.com/weibocom/motan-go/default.go:34.57,35.24 1 1
github.com/weibocom/motan-go/default.go:69.2,69.30 1 1
github.com/weibocom/motan-go/default.go:35.24,68.3 27 1
github.com/weibocom/motan-go/default.go:72.52,73.20 1 3
github.com/weibocom/motan-go/default.go:78.2,78.26 1 3
github.com/weibocom/motan-go/default.go:73.20,77.3 3 1
github.com/weibocom/motan-go/default.go:81.46,93.2 9 1
github.com/weibocom/motan-go/dynamicConfig.go:37.60,46.2 3 1
github.com/weibocom/motan-go/dynamicConfig.go:48.42,49.21 1 1
github.com/weibocom/motan-go/dynamicConfig.go:49.21,51.3 1 0
github.com/weibocom/motan-go/dynamicConfig.go:54.47,56.16 2 0
github.com/weibocom/motan-go/dynamicConfig.go:60.2,62.16 3 0
github.com/weibocom/motan-go/dynamicConfig.go:67.2,67.54 1 0
github.com/weibocom/motan-go/dynamicConfig.go:72.2,72.55 1 0
github.com/weibocom/motan-go/dynamicConfig.go:76.2,76.12 1 0
github.com/weibocom/motan-go/dynamicConfig.go:56.16,59.3 2 0
github.com/weibocom/motan-go/dynamicConfig.go:62.16,65.3 2 0
github.com/weibocom/motan-go/dynamicConfig.go:67.54,70.3 2 0
github.com/weibocom/motan-go/dynamicConfig.go:72.55,75.3 2 0
github.com/weibocom/motan-go/dynamicConfig.go:79.59,81.16 2 0
github.com/weibocom/motan-go/dynamicConfig.go:84.2,85.12 2 0
github.com/weibocom/motan-go/dynamicConfig.go:81.16,83.3 1 0
github.com/weibocom/motan-go/dynamicConfig.go:88.61,91.53 3 0
github.com/weibocom/motan-go/dynamicConfig.go:94.2,96.12 3 0
github.com/weibocom/motan-go/dynamicConfig.go:91.53,93.3 1 0
github.com/weibocom/motan-go/dynamicConfig.go:99.61,101.16 2 0
github.com/weibocom/motan-go/dynamicConfig.go:104.2,105.12 2 0
github.com/weibocom/motan-go/dynamicConfig.go:101.16,103.3 1 0
github.com/weibocom/motan-go/dynamicConfig.go:108.63,112.53 3 0
github.com/weibocom/motan-go/dynamicConfig.go:116.2,116.12 1 0
github.com/weibocom/motan-go/dynamicConfig.go:112.53,115.3 2 0
github.com/weibocom/motan-go/dynamicConfig.go:119.60,121.16 2 0
github.com/weibocom/motan-go/dynamicConfig.go:124.2,125.12 2 0
github.com/weibocom/motan-go/dynamicConfig.go:121.16,123.3 1 0
github.com/weibocom/motan-go/dynamicConfig.go:128.62,131.54 3 0
github.com/weibocom/motan-go/dynamicConfig.go:134.2,136.12 3 0
github.com/weibocom/motan-go/dynamicConfig.go:131.54,133.3 1 0
github.com/weibocom/motan-go/dynamicConfig.go:139.44,144.16 4 0
github.com/weibocom/motan-go/dynamicConfig.go:148.2,149.16 2 0
github.com/weibocom/motan-go/dynamicConfig.go:144.16,147.3 2 0
github.com/weibocom/motan-go/dynamicConfig.go:149.16,152.3 2 0
github.com/weibocom/motan-go/dynamicConfig.go:155.72,161.39 5 0
github.com/weibocom/motan-go/dynamicConfig.go:165.2,168.40 4 0
github.com/weibocom/motan-go/dynamicConfig.go:172.2,174.26 3 0
github.com/weibocom/motan-go/dynamicConfig.go:161.39,163.3 1 0
github.com/weibocom/motan-go/dynamicConfig.go:168.40,170.3 1 0
github.com/weibocom/motan-go/dynamicConfig.go:181.59,183.2 1 5
github.com/weibocom/motan-go/dynamicConfig.go:185.90,187.24 2 0
github.com/weibocom/motan-go/dynamicConfig.go:188.28,189.23 1 0
github.com/weibocom/motan-go/dynamicConfig.go:190.30,191.25 1 0
github.com/weibocom/motan-go/dynamicConfig.go:192.29,193.24 1 0
github.com/weibocom/motan-go/dynamicConfig.go:194.24,195.19 1 0
github.com/weibocom/motan-go/dynamicConfig.go:196.24,197.19 1 0
github.com/weibocom/motan-go/dynamicConfig.go:198.10,199.39 1 0
github.com/weibocom/motan-go/dynamicConfig.go:203.81,205.16 2 0
github.com/weibocom/motan-go/dynamicConfig.go:209.2,211.16 3 0
github.com/weibocom/motan-go/dynamicConfig.go:214.2,214.21 1 0
github.com/weibocom/motan-go/dynamicConfig.go:218.2,221.25 3 0
github.com/weibocom/motan-go/dynamicConfig.go:229.2,229.22 1 0
github.com/weibocom/motan-go/dynamicConfig.go:232.2,236.74 4 0
github.com/weibocom/motan-go/dynamicConfig.go:245.2,245.26 1 0
github.com/weibocom/motan-go/dynamicConfig.go:248.2,248.19 1 0
github.com/weibocom/motan-go/dynamicConfig.go:251.2,251.19 1 0
github.com/weibocom/motan-go/dynamicConfig.go:254.2,254.17 1 0
github.com/weibocom/motan-go/dynamicConfig.go:205.16,207.3 1 0
github.com/weibocom/motan-go/dynamicConfig.go:211.16,213.3 1 0
github.com/weibocom/motan-go/dynamicConfig.go:214.21,217.3 2 0
github.com/weibocom/motan-go/dynamicConfig.go:221.25,222.53 1 0
github.com/weibocom/motan-go/dynamicConfig.go:222.53,223.84 1 0
github.com/weibocom/motan-go/dynamicConfig.go:223.84,225.10 2 0
github.com/weibocom/motan-go/dynamicConfig.go:229.22,231.3 1 0
github.com/weibocom/motan-go/dynamicConfig.go:236.74,237.55 1 0
github.com/weibocom/motan-go/dynamicConfig.go:240.3,240.37 1 0
github.com/weibocom/motan-go/dynamicConfig.go:243.3,243.91 1 0
github.com/weibocom/motan-go/dynamicConfig.go:237.55,238.12 1 0
github.com/weibocom/motan-go/dynamicConfig.go:240.37,241.12 1 0
github.com/weibocom/motan-go/dynamicConfig.go:245.26,247.3 1 0
github.com/weibocom/motan-go/dynamicConfig.go:248.19,250.3 1 0
github.com/weibocom/motan-go/dynamicConfig.go:251.19,253.3 1 0
github.com/weibocom/motan-go/dynamicConfig.go:257.89,259.16 2 0
github.com/weibocom/motan-go/dynamicConfig.go:263.2,267.16 5 0
github.com/weibocom/motan-go/dynamicConfig.go:271.2,271.53 1 0
github.com/weibocom/motan-go/dynamicConfig.go:259.16,262.3 2 0
github.com/weibocom/motan-go/dynamicConfig.go:267.16,270.3 2 0
github.com/weibocom/motan-go/dynamicConfig.go:274.91,276.16 2 0
github.com/weibocom/motan-go/dynamicConfig.go:280.2,284.16 5 0
github.com/weibocom/motan-go/dynamicConfig.go:288.2,288.53 1 0
github.com/weibocom/motan-go/dynamicConfig.go:276.16,279.3 2 0
github.com/weibocom/motan-go/dynamicConfig.go:284.16,287.3 2 0
github.com/weibocom/motan-go/dynamicConfig.go:291.90,293.16 2 0
github.com/weibocom/motan-go/dynamicConfig.go:297.2,300.16 4 0
github.com/weibocom/motan-go/dynamicConfig.go:304.2,304.53 1 0
github.com/weibocom/motan-go/dynamicConfig.go:293.16,296.3 2 0
github.com/weibocom/motan-go/dynamicConfig.go:300.16,303.3 2 0
github.com/weibocom/motan-go/dynamicConfig.go:307.85,309.2 1 0
github.com/weibocom/motan-go/dynamicConfig.go:311.85,315.2 1 0
github.com/weibocom/motan-go/dynamicConfig.go:317.96,321.19 4 0
github.com/weibocom/motan-go/dynamicConfig.go:324.2,324.17 1 0
github.com/weibocom/motan-go/dynamicConfig.go:327.2,328.18 2 0
github.com/weibocom/motan-go/dynamicConfig.go:321.19,323.3 1 0
github.com/weibocom/motan-go/dynamicConfig.go:324.17,326.3 1 0
github.com/weibocom/motan-go/manageHandler.go:38.48,40.2 1 4
github.com/weibocom/motan-go/manageHandler.go:42.78,43.22 1 0
github.com/weibocom/motan-go/manageHandler.go:44.14,48.26 4 0
github.com/weibocom/motan-go/manageHandler.go:49.14,53.26 4 0
github.com/weibocom/motan-go/manageHandler.go:54.18,55.28 1 0
github.com/weibocom/motan-go/manageHandler.go:56.10,58.48 2 0
github.com/weibocom/motan-go/manageHandler.go:66.46,68.2 1 2
github.com/weibocom/motan-go/manageHandler.go:70.76,71.22 1 0
github.com/weibocom/motan-go/manageHandler.go:72.20,73.32 1 0
github.com/weibocom/motan-go/manageHandler.go:74.26,75.32 1 0
github.com/weibocom/motan-go/manageHandler.go:79.48,81.51 2 0
github.com/weibocom/motan-go/manageHandler.go:87.2,89.13 3 0
github.com/weibocom/motan-go/manageHandler.go:81.51,86.3 4 0
github.com/weibocom/motan-go/manageHandler.go:113.77,114.39 1 0
github.com/weibocom/motan-go/manageHandler.go:114.39,116.12 2 0
github.com/weibocom/motan-go/manageHandler.go:117.13,119.25 2 0
github.com/weibocom/motan-go/manageHandler.go:120.13,122.25 2 0
github.com/weibocom/motan-go/manageHandler.go:124.8,124.21 1 0
github.com/weibocom/motan-go/manageHandler.go:124.21,125.23 1 0
github.com/weibocom/motan-go/manageHandler.go:126.31,127.20 1 0
github.com/weibocom/motan-go/manageHandler.go:128.31,129.20 1 0
github.com/weibocom/motan-go/manageHandler.go:130.30,131.19 1 0
github.com/weibocom/motan-go/manageHandler.go:132.29,133.18 1 0
github.com/weibocom/motan-go/manageHandler.go:134.28,135.22 1 0
github.com/weibocom/motan-go/manageHandler.go:136.11,137.18 1 0
github.com/weibocom/motan-go/manageHandler.go:142.56,144.14 2 0
github.com/weibocom/motan-go/manageHandler.go:148.2,159.25 12 0
github.com/weibocom/motan-go/manageHandler.go:144.14,146.3 1 0
github.com/weibocom/motan-go/manageHandler.go:159.25,161.3 1 0
github.com/weibocom/motan-go/manageHandler.go:164.46,167.50 3 0
github.com/weibocom/motan-go/manageHandler.go:173.2,174.21 2 0
github.com/weibocom/motan-go/manageHandler.go:167.50,172.3 4 0
github.com/weibocom/motan-go/manageHandler.go:177.42,180.28 3 0
github.com/weibocom/motan-go/manageHandler.go:180.28,181.21 1 0
github.com/weibocom/motan-go/manageHandler.go:181.21,182.27 1 0
github.com/weibocom/motan-go/manageHandler.go:187.4,187.41 1 0
github.com/weibocom/motan-go/manageHandler.go:182.27,184.5 1 0
github.com/weibocom/motan-go/manageHandler.go:184.10,186.5 1 0
github.com/weibocom/motan-go/manageHandler.go:188.9,189.32 1 0
github.com/weibocom/motan-go/manageHandler.go:196.4,196.37 1 0
github.com/weibocom/motan-go/manageHandler.go:189.32,191.5 1 0
github.com/weibocom/motan-go/manageHandler.go:191.10,191.34 1 0
github.com/weibocom/motan-go/manageHandler.go:191.34,193.5 1 0
github.com/weibocom/motan-go/manageHandler.go:193.10,195.5 1 0
github.com/weibocom/motan-go/manageHandler.go:201.42,203.28 2 0
github.com/weibocom/motan-go/manageHandler.go:203.28,204.19 1 0
github.com/weibocom/motan-go/manageHandler.go:209.3,209.33 1 0
github.com/weibocom/motan-go/manageHandler.go:204.19,206.4 1 0
github.com/weibocom/motan-go/manageHandler.go:206.9,208.4 1 0
github.com/weibocom/motan-go/manageHandler.go:220.83,221.18 1 0
github.com/weibocom/motan-go/manageHandler.go:227.2,227.19 1 0
github.com/weibocom/motan-go/manageHandler.go:233.2,233.18 1 0
github.com/weibocom/motan-go/manageHandler.go:239.2,239.34 1 0
github.com/weibocom/motan-go/manageHandler.go:245.2,245.35 1 0
github.com/weibocom/motan-go/manageHandler.go:221.18,223.39 2 0
github.com/weibocom/motan-go/manageHandler.go:223.39,225.4 1 0
github.com/weibocom/motan-go/manageHandler.go:227.19,229.23 2 0
github.com/weibocom/motan-go/manageHandler.go:229.23,231.4 1 0
github.com/weibocom/motan-go/manageHandler.go:233.18,235.21 2 0
github.com/weibocom/motan-go/manageHandler.go:235.21,237.4 1 0
github.com/weibocom/motan-go/manageHandler.go:239.34,241.19 2 0
github.com/weibocom/motan-go/manageHandler.go:241.19,243.4 1 0
github.com/weibocom/motan-go/manageHandler.go:250.77,254.20 4 0
github.com/weibocom/motan-go/manageHandler.go:255.23,256.17 1 0
github.com/weibocom/motan-go/manageHandler.go:260.3,260.18 1 0
github.com/weibocom/motan-go/manageHandler.go:264.3,265.17 2 0
github.com/weibocom/motan-go/manageHandler.go:269.3,270.15 2 0
github.com/weibocom/motan-go/manageHandler.go:274.3,275.63 2 0
github.com/weibocom/motan-go/manageHandler.go:276.23,277.17 1 0
github.com/weibocom/motan-go/manageHandler.go:281.3,282.15 2 0
github.com/weibocom/motan-go/manageHandler.go:286.3,287.62 2 0
github.com/weibocom/motan-go/manageHandler.go:288.26,291.13 3 0
github.com/weibocom/motan-go/manageHandler.go:256.17,259.4 2 0
github.com/weibocom/motan-go/manageHandler.go:260.18,263.4 2 0
github.com/weibocom/motan-go/manageHandler.go:265.17,268.4 2 0
github.com/weibocom/motan-go/manageHandler.go:270.15,273.4 2 0
github.com/weibocom/motan-go/manageHandler.go:277.17,280.4 2 0
github.com/weibocom/motan-go/manageHandler.go:282.15,285.4 2 0
github.com/weibocom/motan-go/manageHandler.go:300.54,303.2 2 0
github.com/weibocom/motan-go/manageHandler.go:305.52,307.42 2 0
github.com/weibocom/motan-go/manageHandler.go:310.2,310.9 1 0
github.com/weibocom/motan-go/manageHandler.go:307.42,309.3 1 0
github.com/weibocom/motan-go/manageHandler.go:311.23,311.23 0 0
github.com/weibocom/motan-go/manageHandler.go:312.20,312.20 0 0
github.com/weibocom/motan-go/manageHandler.go:318.54,320.14 2 0
github.com/weibocom/motan-go/manageHandler.go:326.2,327.49 2 0
github.com/weibocom/motan-go/manageHandler.go:336.2,337.24 2 0
github.com/weibocom/motan-go/manageHandler.go:320.14,322.3 1 0
github.com/weibocom/motan-go/manageHandler.go:327.49,335.3 4 0
github.com/weibocom/motan-go/manageHandler.go:343.52,345.28 2 0
github.com/weibocom/motan-go/manageHandler.go:351.2,352.39 2 0
github.com/weibocom/motan-go/manageHandler.go:360.2,361.14 2 0
github.com/weibocom/motan-go/manageHandler.go:345.28,347.3 1 0
github.com/weibocom/motan-go/manageHandler.go:352.39,359.3 4 0
github.com/weibocom/motan-go/manageHandler.go:367.53,380.24 5 0
github.com/weibocom/motan-go/manageHandler.go:386.2,386.6 1 0
github.com/weibocom/motan-go/manageHandler.go:409.2,409.22 1 0
github.com/weibocom/motan-go/manageHandler.go:380.24,382.3 1 0
github.com/weibocom/motan-go/manageHandler.go:382.8,384.3 1 0
github.com/weibocom/motan-go/manageHandler.go:386.6,388.17 2 0
github.com/weibocom/motan-go/manageHandler.go:391.3,392.14 2 0
github.com/weibocom/motan-go/manageHandler.go:401.3,401.17 1 0
github.com/weibocom/motan-go/manageHandler.go:388.17,390.4 1 0
github.com/weibocom/motan-go/manageHandler.go:392.14,394.16 2 0
github.com/weibocom/motan-go/manageHandler.go:394.16,396.5 1 0
github.com/weibocom/motan-go/manageHandler.go:401.17,402.21 1 0
github.com/weibocom/motan-go/manageHandler.go:405.4,405.9 1 0
github.com/weibocom/motan-go/manageHandler.go:402.21,404.5 1 0
github.com/weibocom/motan-go/manageHandler.go:413.40,415.2 1 0
github.com/weibocom/motan-go/manageHandler.go:419.71,423.14 4 0
github.com/weibocom/motan-go/manageHandler.go:428.2,429.30 2 0
github.com/weibocom/motan-go/manageHandler.go:432.2,433.8 2 0
github.com/weibocom/motan-go/manageHandler.go:423.14,427.3 3 0
github.com/weibocom/motan-go/manageHandler.go:429.30,431.3 1 0
github.com/weibocom/motan-go/manageHandler.go:440.52,441.52 1 0
github.com/weibocom/motan-go/manageHandler.go:449.2,450.55 2 0
github.com/weibocom/motan-go/manageHandler.go:441.52,443.17 2 0
github.com/weibocom/motan-go/manageHandler.go:443.17,446.4 2 0
github.com/weibocom/motan-go/manageHandler.go:450.55,452.3 1 0
github.com/weibocom/motan-go/server.go:43.56,44.20 1 0
github.com/weibocom/motan-go/server.go:47.2,50.15 4 0
github.com/weibocom/motan-go/server.go:70.2,70.11 1 0
github.com/weibocom/motan-go/server.go:44.20,46.3 1 0
github.com/weibocom/motan-go/server.go:50.15,56.17 5 0
github.com/weibocom/motan-go/server.go:60.3,61.50 2 0
github.com/weibocom/motan-go/server.go:64.3,64.19 1 0
github.com/weibocom/motan-go/server.go:67.3,68.32 2 0
github.com/weibocom/motan-go/server.go:56.17,58.4 1 0
github.com/weibocom/motan-go/server.go:61.50,63.4 1 0
github.com/weibocom/motan-go/server.go:64.19,66.4 1 0
github.com/weibocom/motan-go/server.go:73.62,77.25 4 0
github.com/weibocom/motan-go/server.go:81.2,81.44 1 0
github.com/weibocom/motan-go/server.go:77.25,79.3 1 0
github.com/weibocom/motan-go/server.go:81.44,83.3 1 0
github.com/weibocom/motan-go/server.go:86.44,89.20 3 0
github.com/weibocom/motan-go/server.go:89.20,94.19 4 0
github.com/weibocom/motan-go/server.go:105.3,107.17 3 0
github.com/weibocom/motan-go/server.go:111.3,112.21 2 0
github.com/weibocom/motan-go/server.go:115.3,126.20 9 0
github.com/weibocom/motan-go/server.go:139.3,140.17 2 0
github.com/weibocom/motan-go/server.go:94.19,96.19 2 0
github.com/weibocom/motan-go/server.go:96.19,98.5 1 0
github.com/weibocom/motan-go/server.go:98.10,98.26 1 0
github.com/weibocom/motan-go/server.go:98.26,99.19 1 0
github.com/weibocom/motan-go/server.go:102.5,102.16 1 0
github.com/weibocom/motan-go/server.go:99.19,101.6 1 0
github.com/weibocom/motan-go/server.go:107.17,110.4 2 0
github.com/weibocom/motan-go/server.go:112.21,114.4 1 0
github.com/weibocom/motan-go/server.go:126.20,133.4 6 0
github.com/weibocom/motan-go/server.go:133.9,133.53 1 0
github.com/weibocom/motan-go/server.go:133.53,135.4 1 0
github.com/weibocom/motan-go/server.go:135.9,138.4 2 0
github.com/weibocom/motan-go/server.go:140.17,142.4 1 0
github.com/weibocom/motan-go/server.go:142.9,144.42 2 0
github.com/weibocom/motan-go/server.go:144.42,146.40 2 0
github.com/weibocom/motan-go/server.go:146.40,148.6 1 0
github.com/weibocom/motan-go/server.go:154.34,157.15 3 0
github.com/weibocom/motan-go/server.go:157.15,166.3 7 0
github.com/weibocom/motan-go/server.go:171.70,172.14 1 0
github.com/weibocom/motan-go/server.go:176.2,177.29 2 0
github.com/weibocom/motan-go/server.go:181.2,184.15 4 0
github.com/weibocom/motan-go/server.go:188.2,188.44 1 0
github.com/weibocom/motan-go/server.go:194.2,194.16 1 0
github.com/weibocom/motan-go/server.go:198.2,199.12 2 0
github.com/weibocom/motan-go/server.go:172.14,175.3 2 0
github.com/weibocom/motan-go/server.go:177.29,180.3 2 0
github.com/weibocom/motan-go/server.go:184.15,186.3 1 0
github.com/weibocom/motan-go/server.go:188.44,189.67 1 0
github.com/weibocom/motan-go/server.go:189.67,191.9 2 0
github.com/weibocom/motan-go/server.go:194.16,197.3 2 0
github.com/weibocom/motan-go/server.go:203.41,206.2 1 0
github.com/weibocom/motan-go/server.go:209.43,211.2 1 0
github.com/weibocom/motan-go/server.go:213.55,214.32 1 0
github.com/weibocom/motan-go/server.go:217.2,217.77 1 0
github.com/weibocom/motan-go/server.go:220.2,220.13 1 0
github.com/weibocom/motan-go/server.go:214.32,216.3 1 0
github.com/weibocom/motan-go/server.go:217.77,219.3 1 0
github.com/weibocom/motan-go/server.go:223.61,225.23 2 0
github.com/weibocom/motan-go/server.go:225.23,226.32 1 0
github.com/weibocom/motan-go/server.go:226.32,228.4 1 0
github.com/weibocom/motan-go/server.go:232.63,234.23 2 0
github.com/weibocom/motan-go/server.go:234.23,235.32 1 0
github.com/weibocom/motan-go/server.go:235.32,237.4 1 0
github.com/weibocom/motan-go/agent.go:70.57,72.23 2 2
github.com/weibocom/motan-go/agent.go:78.2,85.14 8 2
github.com/weibocom/motan-go/agent.go:72.23,75.3 2 2
github.com/weibocom/motan-go/agent.go:75.8,77.3 1 0
github.com/weibocom/motan-go/agent.go:88.53,93.23 5 1
github.com/weibocom/motan-go/agent.go:97.2,97.23 1 1
github.com/weibocom/motan-go/agent.go:93.23,96.3 2 1
github.com/weibocom/motan-go/agent.go:101.47,103.2 1 0
github.com/weibocom/motan-go/agent.go:105.43,109.2 3 0
github.com/weibocom/motan-go/agent.go:111.45,115.2 3 0
github.com/weibocom/motan-go/agent.go:117.35,118.20 1 1
github.com/weibocom/motan-go/agent.go:121.2,124.29 4 1
github.com/weibocom/motan-go/agent.go:128.2,141.16 14 1
github.com/weibocom/motan-go/agent.go:147.2,147.31 1 1
github.com/weibocom/motan-go/agent.go:151.2,152.16 2 1
github.com/weibocom/motan-go/agent.go:118.20,120.3 1 1
github.com/weibocom/motan-go/agent.go:124.29,127.3 2 0
github.com/weibocom/motan-go/agent.go:141.16,143.3 1 0
github.com/weibocom/motan-go/agent.go:143.8,146.3 2 1
github.com/weibocom/motan-go/agent.go:147.31,150.3 1 0
github.com/weibocom/motan-go/agent.go:155.30,156.15 1 1
github.com/weibocom/motan-go/agent.go:156.15,158.3 1 0
github.com/weibocom/motan-go/agent.go:158.8,160.3 1 1
github.com/weibocom/motan-go/agent.go:163.30,166.16 3 0
github.com/weibocom/motan-go/agent.go:166.16,169.3 2 0
github.com/weibocom/motan-go/agent.go:172.33,176.16 4 0
github.com/weibocom/motan-go/agent.go:180.2,181.16 2 0
github.com/weibocom/motan-go/agent.go:185.2,185.27 1 0
github.com/weibocom/motan-go/agent.go:176.16,179.3 2 0
github.com/weibocom/motan-go/agent.go:181.16,184.3 2 0
github.com/weibocom/motan-go/agent.go:185.27,187.3 1 0
github.com/weibocom/motan-go/agent.go:190.29,192.16 2 1
github.com/weibocom/motan-go/agent.go:195.2,196.49 2 1
github.com/weibocom/motan-go/agent.go:199.2,199.18 1 1
github.com/weibocom/motan-go/agent.go:202.2,206.59 4 1
github.com/weibocom/motan-go/agent.go:209.2,209.15 1 1
github.com/weibocom/motan-go/agent.go:213.2,214.61 2 1
github.com/weibocom/motan-go/agent.go:217.2,217.16 1 1
github.com/weibocom/motan-go/agent.go:221.2,222.61 2 1
github.com/weibocom/motan-go/agent.go:225.2,225.16 1 1
github.com/weibocom/motan-go/agent.go:229.2,230.61 2 1
github.com/weibocom/motan-go/agent.go:233.2,233.16 1 1
github.com/weibocom/motan-go/agent.go:237.2,238.66 2 1
github.com/weibocom/motan-go/agent.go:241.2,241.19 1 1
github.com/weibocom/motan-go/agent.go:245.2,246.53 2 1
github.com/weibocom/motan-go/agent.go:249.2,249.22 1 1
github.com/weibocom/motan-go/agent.go:253.2,254.16 2 1
github.com/weibocom/motan-go/agent.go:258.2,265.27 8 1
github.com/weibocom/motan-go/agent.go:192.16,194.3 1 0
github.com/weibocom/motan-go/agent.go:196.49,198.3 1 1
github.com/weibocom/motan-go/agent.go:199.18,201.3 1 0
github.com/weibocom/motan-go/agent.go:206.59,208.3 1 1
github.com/weibocom/motan-go/agent.go:209.15,211.3 1 0
github.com/weibocom/motan-go/agent.go:214.61,216.3 1 1
github.com/weibocom/motan-go/agent.go:217.16,219.3 1 0
github.com/weibocom/motan-go/agent.go:222.61,224.3 1 1
github.com/weibocom/motan-go/agent.go:225.16,227.3 1 0
github.com/weibocom/motan-go/agent.go:230.61,232.3 1 0
github.com/weibocom/motan-go/agent.go:233.16,235.3 1 1
github.com/weibocom/motan-go/agent.go:238.66,240.3 1 0
github.com/weibocom/motan-go/agent.go:241.19,243.3 1 1
github.com/weibocom/motan-go/agent.go:246.53,248.3 1 0
github.com/weibocom/motan-go/agent.go:249.22,251.3 1 1
github.com/weibocom/motan-go/agent.go:254.16,255.56 1 0
github.com/weibocom/motan-go/agent.go:268.36,269.48 1 1
github.com/weibocom/motan-go/agent.go:269.48,270.79 1 1
github.com/weibocom/motan-go/agent.go:273.3,274.25 2 1
github.com/weibocom/motan-go/agent.go:279.3,279.73 1 1
github.com/weibocom/motan-go/agent.go:270.79,272.4 1 1
github.com/weibocom/motan-go/agent.go:274.25,276.12 2 0
github.com/weibocom/motan-go/agent.go:283.34,290.2 5 1
github.com/weibocom/motan-go/agent.go:296.78,297.48 1 10001
github.com/weibocom/motan-go/agent.go:300.2,300.12 1 0
github.com/weibocom/motan-go/agent.go:297.48,299.3 1 10001
github.com/weibocom/motan-go/agent.go:303.32,304.43 1 1
github.com/weibocom/motan-go/agent.go:304.43,306.3 1 0
github.com/weibocom/motan-go/agent.go:309.45,313.48 3 2
github.com/weibocom/motan-go/agent.go:316.2,321.68 5 2
github.com/weibocom/motan-go/agent.go:313.48,315.3 1 2
github.com/weibocom/motan-go/agent.go:321.68,323.3 1 1
github.com/weibocom/motan-go/agent.go:323.8,325.3 1 1
github.com/weibocom/motan-go/agent.go:328.35,330.16 2 1
github.com/weibocom/motan-go/agent.go:333.2,334.54 2 1
github.com/weibocom/motan-go/agent.go:337.2,337.23 1 1
github.com/weibocom/motan-go/agent.go:340.2,340.73 1 1
github.com/weibocom/motan-go/agent.go:330.16,332.3 1 0
github.com/weibocom/motan-go/agent.go:334.54,336.3 1 0
github.com/weibocom/motan-go/agent.go:337.23,339.3 1 1
github.com/weibocom/motan-go/agent.go:343.32,345.70 2 1
github.com/weibocom/motan-go/agent.go:350.2,350.26 1 1
github.com/weibocom/motan-go/agent.go:354.2,354.25 1 1
github.com/weibocom/motan-go/agent.go:358.2,358.54 1 1
github.com/weibocom/motan-go/agent.go:365.2,367.63 3 1
github.com/weibocom/motan-go/agent.go:345.70,347.3 1 1
github.com/weibocom/motan-go/agent.go:347.8,349.3 1 0
github.com/weibocom/motan-go/agent.go:350.26,353.3 2 0
github.com/weibocom/motan-go/agent.go:354.25,356.3 1 1
github.com/weibocom/motan-go/agent.go:358.54,360.17 2 1
github.com/weibocom/motan-go/agent.go:360.17,362.4 1 1
github.com/weibocom/motan-go/agent.go:370.30,380.16 10 1
github.com/weibocom/motan-go/agent.go:383.2,383.40 1 0
github.com/weibocom/motan-go/agent.go:380.16,382.3 1 0
github.com/weibocom/motan-go/agent.go:386.33,388.65 2 1
github.com/weibocom/motan-go/agent.go:388.65,390.26 2 1
github.com/weibocom/motan-go/agent.go:393.3,393.67 1 1
github.com/weibocom/motan-go/agent.go:390.26,392.4 1 1
github.com/weibocom/motan-go/agent.go:393.67,395.23 2 1
github.com/weibocom/motan-go/agent.go:395.23,399.67 3 1
github.com/weibocom/motan-go/agent.go:399.67,405.6 5 0
github.com/weibocom/motan-go/agent.go:407.9,409.4 1 0
github.com/weibocom/motan-go/agent.go:417.134,418.47 1 2
github.com/weibocom/motan-go/agent.go:425.2,426.16 2 2
github.com/weibocom/motan-go/agent.go:430.2,430.12 1 2
github.com/weibocom/motan-go/agent.go:418.47,420.24 2 2
github.com/weibocom/motan-go/agent.go:423.3,423.51 1 2
github.com/weibocom/motan-go/agent.go:420.24,422.4 1 2
github.com/weibocom/motan-go/agent.go:426.16,429.3 2 0
github.com/weibocom/motan-go/agent.go:433.80,435.48 2 10005
github.com/weibocom/motan-go/agent.go:438.2,439.57 2 10005
github.com/weibocom/motan-go/agent.go:442.2,442.69 1 10004
github.com/weibocom/motan-go/agent.go:450.2,450.99 1 10002
github.com/weibocom/motan-go/agent.go:500.2,501.85 2 0
github.com/weibocom/motan-go/agent.go:435.48,437.3 1 0
github.com/weibocom/motan-go/agent.go:439.57,441.3 1 1
github.com/weibocom/motan-go/agent.go:442.69,443.26 1 2
github.com/weibocom/motan-go/agent.go:446.3,447.144 2 1
github.com/weibocom/motan-go/agent.go:443.26,445.4 1 1
github.com/weibocom/motan-go/agent.go:450.99,452.67 2 10002
github.com/weibocom/motan-go/agent.go:452.67,453.49 1 10002
github.com/weibocom/motan-go/agent.go:460.4,462.61 3 10002
github.com/weibocom/motan-go/agent.go:465.4,466.18 2 10002
github.com/weibocom/motan-go/agent.go:470.4,470.85 1 10002
github.com/weibocom/motan-go/agent.go:496.4,496.14 1 10002
github.com/weibocom/motan-go/agent.go:453.49,455.26 2 0
github.com/weibocom/motan-go/agent.go:458.5,458.53 1 0
github.com/weibocom/motan-go/agent.go:455.26,457.6 1 0
github.com/weibocom/motan-go/agent.go:462.61,464.5 1 10002
github.com/weibocom/motan-go/agent.go:466.18,469.5 2 0
github.com/weibocom/motan-go/agent.go:470.85,472.19 2 0
github.com/weibocom/motan-go/agent.go:475.5,482.19 8 0
github.com/weibocom/motan-go/agent.go:485.5,489.19 5 0
github.com/weibocom/motan-go/agent.go:492.5,494.15 3 0
github.com/weibocom/motan-go/agent.go:472.19,474.6 1 0
github.com/weibocom/motan-go/agent.go:482.19,484.6 1 0
github.com/weibocom/motan-go/agent.go:489.19,491.6 1 0
github.com/weibocom/motan-go/agent.go:504.67,506.2 1 0
github.com/weibocom/motan-go/agent.go:508.61,508.62 0 0
github.com/weibocom/motan-go/agent.go:510.78,512.2 1 0
github.com/weibocom/motan-go/agent.go:514.36,516.48 2 1
github.com/weibocom/motan-go/agent.go:516.48,519.3 2 1
github.com/weibocom/motan-go/agent.go:522.40,523.56 1 0
github.com/weibocom/motan-go/agent.go:523.56,526.3 2 0
github.com/weibocom/motan-go/agent.go:529.42,530.56 1 0
github.com/weibocom/motan-go/agent.go:530.56,533.3 2 0
github.com/weibocom/motan-go/agent.go:536.49,543.21 6 1
github.com/weibocom/motan-go/agent.go:547.2,552.19 6 1
github.com/weibocom/motan-go/agent.go:565.2,566.16 2 1
github.com/weibocom/motan-go/agent.go:571.2,573.40 3 1
github.com/weibocom/motan-go/agent.go:543.21,546.3 2 0
github.com/weibocom/motan-go/agent.go:552.19,558.17 6 1
github.com/weibocom/motan-go/agent.go:561.3,561.39 1 1
github.com/weibocom/motan-go/agent.go:558.17,560.4 1 0
github.com/weibocom/motan-go/agent.go:562.8,562.52 1 0
github.com/weibocom/motan-go/agent.go:562.52,564.3 1 0
github.com/weibocom/motan-go/agent.go:566.16,569.3 2 0
github.com/weibocom/motan-go/agent.go:573.40,575.50 2 1
github.com/weibocom/motan-go/agent.go:575.50,577.4 1 1
github.com/weibocom/motan-go/agent.go:585.51,587.2 1 1
github.com/weibocom/motan-go/agent.go:589.47,591.2 1 20004
github.com/weibocom/motan-go/agent.go:593.87,594.33 1 20003
github.com/weibocom/motan-go/agent.go:598.2,599.55 2 20003
github.com/weibocom/motan-go/agent.go:605.2,606.174 2 0
github.com/weibocom/motan-go/agent.go:594.33,597.3 2 0
github.com/weibocom/motan-go/agent.go:599.55,604.3 4 20003
github.com/weibocom/motan-go/agent.go:609.74,612.2 2 1
github.com/weibocom/motan-go/agent.go:614.67,616.2 1 0
github.com/weibocom/motan-go/agent.go:618.85,620.2 1 0
github.com/weibocom/motan-go/agent.go:622.66,624.26 1 10012
github.com/weibocom/motan-go/agent.go:627.2,627.60 1 10012
github.com/weibocom/motan-go/agent.go:624.26,626.3 1 0
github.com/weibocom/motan-go/agent.go:630.29,632.24 1 1
github.com/weibocom/motan-go/agent.go:635.2,638.19 4 0
github.com/weibocom/motan-go/agent.go:632.24,634.3 1 1
github.com/weibocom/motan-go/agent.go:641.42,644.30 3 1
github.com/weibocom/motan-go/agent.go:644.30,646.3 1 0
github.com/weibocom/motan-go/agent.go:649.79,651.2 1 1
github.com/weibocom/motan-go/agent.go:659.100,662.41 2 0
github.com/weibocom/motan-go/agent.go:662.41,664.56 2 0
github.com/weibocom/motan-go/agent.go:664.56,666.44 2 0
github.com/weibocom/motan-go/agent.go:671.4,671.15 1 0
github.com/weibocom/motan-go/agent.go:666.44,667.61 1 0
github.com/weibocom/motan-go/agent.go:667.61,669.6 1 0
github.com/weibocom/motan-go/agent.go:676.46,678.2 1 0
github.com/weibocom/motan-go/agent.go:680.74,681.34 1 0
github.com/weibocom/motan-go/agent.go:681.34,683.3 1 0
github.com/weibocom/motan-go/agent.go:686.32,688.47 2 1
github.com/weibocom/motan-go/agent.go:691.2,691.37 1 1
github.com/weibocom/motan-go/agent.go:694.2,694.29 1 1
github.com/weibocom/motan-go/agent.go:697.2,699.16 3 1
github.com/weibocom/motan-go/agent.go:688.47,690.3 1 21
github.com/weibocom/motan-go/agent.go:691.37,693.3 1 0
github.com/weibocom/motan-go/agent.go:694.29,696.3 1 21
github.com/weibocom/motan-go/agent.go:699.16,702.3 2 0
github.com/weibocom/motan-go/agent.go:705.51,706.15 1 21
github.com/weibocom/motan-go/agent.go:711.2,711.32 1 21
github.com/weibocom/motan-go/agent.go:714.2,714.66 1 21
github.com/weibocom/motan-go/agent.go:726.2,726.53 1 21
github.com/weibocom/motan-go/agent.go:706.15,707.35 1 21
github.com/weibocom/motan-go/agent.go:707.35,709.4 1 0
github.com/weibocom/motan-go/agent.go:711.32,713.3 1 11
github.com/weibocom/motan-go/agent.go:714.66,715.26 1 0
github.com/weibocom/motan-go/agent.go:719.3,719.16 1 0
github.com/weibocom/motan-go/agent.go:724.3,724.20 1 0
github.com/weibocom/motan-go/agent.go:715.26,718.4 2 0
github.com/weibocom/motan-go/agent.go:719.16,720.36 1 0
github.com/weibocom/motan-go/agent.go:720.36,722.5 1 0
github.com/weibocom/motan-go/agent.go:729.40,731.16 2 0
github.com/weibocom/motan-go/agent.go:734.2,734.13 1 0
github.com/weibocom/motan-go/agent.go:731.16,733.3 1 0
github.com/weibocom/motan-go/agent.go:737.64,738.25 1 0
github.com/weibocom/motan-go/agent.go:743.2,743.14 1 0
github.com/weibocom/motan-go/agent.go:738.25,739.43 1 0
github.com/weibocom/motan-go/agent.go:739.43,741.4 1 0
github.com/weibocom/motan-go/agent.go:746.56,747.41 1 0
github.com/weibocom/motan-go/agent.go:750.2,751.12 2 0
github.com/weibocom/motan-go/agent.go:747.41,749.3 1 0
github.com/weibocom/motan-go/agent.go:754.53,755.42 1 0
github.com/weibocom/motan-go/agent.go:758.2,759.12 2 0
github.com/weibocom/motan-go/agent.go:755.42,757.3 1 0
github.com/weibocom/motan-go/agent.go:762.55,763.42 1 0
github.com/weibocom/motan-go/agent.go:767.2,770.79 3 0
github.com/weibocom/motan-go/agent.go:773.2,773.12 1 0
github.com/weibocom/motan-go/agent.go:763.42,765.3 1 0
github.com/weibocom/motan-go/agent.go:770.79,772.3 1 0
github.com/weibocom/motan-go/client.go:35.83,38.2 2 0
github.com/weibocom/motan-go/client.go:40.71,45.31 5 10002
github.com/weibocom/motan-go/client.go:48.2,48.12 1 10002
github.com/weibocom/motan-go/client.go:45.31,47.3 1 0
github.com/weibocom/motan-go/client.go:51.124,54.2 2 0
github.com/weibocom/motan-go/client.go:56.112,58.35 2 0
github.com/weibocom/motan-go/client.go:61.2,68.31 8 0
github.com/weibocom/motan-go/client.go:72.2,72.15 1 0
github.com/weibocom/motan-go/client.go:58.35,60.3 1 0
github.com/weibocom/motan-go/client.go:68.31,71.3 2 0
github.com/weibocom/motan-go/client.go:75.80,82.23 7 10001
github.com/weibocom/motan-go/client.go:85.2,88.12 4 10001
github.com/weibocom/motan-go/client.go:82.23,84.3 1 10001
github.com/weibocom/motan-go/client.go:91.51,92.20 1 0
github.com/weibocom/motan-go/client.go:95.2,98.15 4 0
github.com/weibocom/motan-go/client.go:117.2,117.11 1 0
github.com/weibocom/motan-go/client.go:92.20,94.3 1 0
github.com/weibocom/motan-go/client.go:98.15,103.17 5 0
github.com/weibocom/motan-go/client.go:107.3,108.50 2 0
github.com/weibocom/motan-go/client.go:111.3,111.19 1 0
github.com/weibocom/motan-go/client.go:114.3,115.32 2 0
github.com/weibocom/motan-go/client.go:103.17,105.4 1 0
github.com/weibocom/motan-go/client.go:108.50,110.4 1 0
github.com/weibocom/motan-go/client.go:111.19,113.4 1 0
github.com/weibocom/motan-go/client.go:120.34,123.15 3 0
github.com/weibocom/motan-go/client.go:123.15,129.3 4 0
github.com/weibocom/motan-go/client.go:132.62,136.25 4 0
github.com/weibocom/motan-go/client.go:140.2,140.45 1 0
github.com/weibocom/motan-go/client.go:136.25,138.3 1 0
github.com/weibocom/motan-go/client.go:140.45,143.3 2 0
github.com/weibocom/motan-go/client.go:146.56,148.2 1 0
github.com/weibocom/motan-go/client.go:150.58,153.2 1 0
